Removed Pin From Net: NetName=VCC Pin=DECODER1-1
Removed Pin From Net: NetName=DGND Pin=DECODER1-12
Removed Pin From Net: NetName=DGND Pin=DECODER1-17
Removed Pin From Net: NetName=VCC Pin=DECODER2-1
Removed Pin From Net: NetName=DGND Pin=DECODER2-12
Removed Pin From Net: NetName=DGND Pin=DECODER2-17
Removed Pin From Net: NetName=DGND Pin=MUX1-8
Removed Pin From Net: NetName=DGND Pin=MUX1-15
Removed Pin From Net: NetName=VCC Pin=MUX1-16
Removed Pin From Net: NetName=DGND Pin=MUX2-8
Removed Pin From Net: NetName=DGND Pin=MUX2-15
Removed Pin From Net: NetName=VCC Pin=MUX2-16
Added Component: Designator=J1(Res10mm_LGE1.0)
Added Component: Designator=J2(Res10mm_LGE1.0)
Added Component: Designator=J3(Res10mm_LGE1.0)
Added Component: Designator=J4(Res10mm_LGE1.0)
Added Component: Designator=J5(Res10mm_LGE1.0)
Added Component: Designator=J6(Res10mm_LGE1.0)
Added Component: Designator=J7(Res10mm_LGE1.0)
Added Component: Designator=J8(Res10mm_LGE1.0)
Added Pin To Net: NetName=DGND Pin=J1-2
Added Pin To Net: NetName=VCC Pin=J2-2
Added Pin To Net: NetName=DGND Pin=J3-2
Added Pin To Net: NetName=VCC Pin=J4-2
Added Pin To Net: NetName=DGND Pin=J5-2
Added Pin To Net: NetName=VCC Pin=J6-2
Added Pin To Net: NetName=DGND Pin=J7-2
Added Pin To Net: NetName=VCC Pin=J8-2
Added Pin To Net: NetName=GND1 Pin=J1-1
Added Pin To Net: NetName=GND1 Pin=MUX1-8
Added Pin To Net: NetName=GND1 Pin=MUX1-15
Added Net: Name=GND1
Added Pin To Net: NetName=GND2 Pin=J3-1
Added Pin To Net: NetName=GND2 Pin=MUX2-8
Added Pin To Net: NetName=GND2 Pin=MUX2-15
Added Net: Name=GND2
Added Pin To Net: NetName=GND3 Pin=DECODER1-12
Added Pin To Net: NetName=GND3 Pin=DECODER1-17
Added Pin To Net: NetName=GND3 Pin=J5-1
Added Net: Name=GND3
Added Pin To Net: NetName=GND4 Pin=DECODER2-12
Added Pin To Net: NetName=GND4 Pin=DECODER2-17
Added Pin To Net: NetName=GND4 Pin=J7-1
Added Net: Name=GND4
Added Pin To Net: NetName=V1 Pin=J2-1
Added Pin To Net: NetName=V1 Pin=MUX1-16
Added Net: Name=V1
Added Pin To Net: NetName=V2 Pin=J4-1
Added Pin To Net: NetName=V2 Pin=MUX2-16
Added Net: Name=V2
Added Pin To Net: NetName=V3 Pin=DECODER1-1
Added Pin To Net: NetName=V3 Pin=J6-1
Added Net: Name=V3
Added Pin To Net: NetName=V4 Pin=DECODER2-1
Added Pin To Net: NetName=V4 Pin=J8-1
Added Net: Name=V4
