Removed Pin From Net: NetName=ALT2 Pin=P1-1
Removed Pin From Net: NetName=D4 Pin=P1-4
Removed Pin From Net: NetName=D5 Pin=P1-5
Removed Pin From Net: NetName=D6 Pin=P1-6
Removed Pin From Net: NetName=D7 Pin=P1-7
Removed Pin From Net: NetName=VCC Pin=P2-4
Removed Pin From Net: NetName=DGND Pin=P2-6
Removed Pin From Net: NetName=ALT1 Pin=P3-1
Removed Pin From Net: NetName=D3 Pin=P3-2
Removed Pin From Net: NetName=D2 Pin=P3-3
Removed Pin From Net: NetName=D1 Pin=P3-4
Removed Pin From Net: NetName=D0 Pin=P3-5
Removed Pin From Net: NetName=ENABLE Pin=P3-6
Removed Pin From Net: NetName=CLOCK Pin=P3-7
Removed Pin From Net: NetName=BYTE Pin=P3-8
Removed Pin From Net: NetName=SEL X/Y Pin=P4-1
Removed Pin From Net: NetName=M2 PWM Pin=P4-2
Removed Pin From Net: NetName=M1 SERIAL Pin=P4-3
Removed Pin From Net: NetName=DGND Pin=P4-4
Removed Member From Class: ClassName=motherboard Member=P1
Removed Member From Class: ClassName=motherboard Member=P2
Removed Member From Class: ClassName=motherboard Member=P3
Removed Member From Class: ClassName=motherboard Member=P4
Added Pin To Net: NetName=NetATMEGA HEADER_8 Pin=CTL IN-2
Added Net: Name=NetATMEGA HEADER_8
Added Pin To Net: NetName=NetATMEGA HEADER_9 Pin=CTL IN-4
Added Net: Name=NetATMEGA HEADER_9
Added Pin To Net: NetName=NetATMEGA HEADER_10 Pin=CTL IN-6
Added Net: Name=NetATMEGA HEADER_10
Added Pin To Net: NetName=NetATMEGA HEADER_11 Pin=CTL IN-8
Added Net: Name=NetATMEGA HEADER_11
